2023-12-10 17:49:02|   0.0|  0.0|INFORM|Current FME version: FME 2023.1.2.0 (20231110 - Build 23641 - WIN64)
2023-12-10 17:49:02|   0.0|  0.0|INFORM|System Time: 20231210164903 UTC
2023-12-10 17:49:02|   0.0|  0.0|INFORM|FME_HOME is 'D:\FME\'
2023-12-10 17:49:02|   0.0|  0.0|INFORM|FME for March (node locked-crc)
2023-12-10 17:49:02|   0.0|  0.0|INFORM|Serial Number: 0
2023-12-10 17:49:02|   0.0|  0.0|INFORM|Temporary License: 114 days left.
2023-12-10 17:49:02|   0.0|  0.0|INFORM|Machine host name is: LAPTOP-ISFGNPJ1
2023-12-10 17:49:02|   0.0|  0.0|INFORM|OS Locale Name     : pl_PL
2023-12-10 17:49:02|   0.0|  0.0|INFORM|OS Locale Encoding : windows-1250
2023-12-10 17:49:02|   0.0|  0.0|INFORM|Process Encoding   : UTF-8
2023-12-10 17:49:02|   0.0|  0.0|INFORM|FME API version: '4.0 20230426'
2023-12-10 17:49:02|   0.0|  0.0|INFORM|FME Configuration: FME_BASE is 'no'
2023-12-10 17:49:02|   0.0|  0.0|INFORM|FME Configuration: FME_MF_DIR is 'C:\Users\Adam\Desktop\bdp\fme/'
2023-12-10 17:49:02|   0.0|  0.0|INFORM|FME Configuration: FME_MF_NAME is 'inspire2none.fmw'
2023-12-10 17:49:02|   0.0|  0.0|INFORM|FME Configuration: FME_PRODUCT_NAME is 'FME(R) 2023.1.2.0'
2023-12-10 17:49:02|   0.0|  0.0|INFORM|Operating System: Microsoft Windows 11 64-bit  (Build 22621)
2023-12-10 17:49:02|   0.0|  0.0|INFORM|FME Platform: WIN64
2023-12-10 17:49:02|   0.0|  0.0|INFORM|System Status: 28.46 GB of disk space available in the FME temporary folder (C:\Users\Adam\AppData\Local\Temp\wbrun_1702226369738_18364\fmetmp_4)
2023-12-10 17:49:02|   0.0|  0.0|INFORM|System Status: 15.69 GB of physical memory available
2023-12-10 17:49:02|   0.0|  0.0|INFORM|System Status: 62.75 GB of virtual memory available
2023-12-10 17:49:02|   0.0|  0.0|INFORM|START - ProcessID: 5124, peak process memory usage: 42280 kB, current process memory usage: 42280 kB
2023-12-10 17:49:02|   0.0|  0.0|INFORM|FME Configuration: Command line arguments are `D:\FME\fme.exe' `C:\Users\Adam\Desktop\bdp\fme\wb-xlate-1702226940446_18364' `LOG_STANDARDOUT' `YES' `LOG_TIMINGS' `YES' `LogCountServerName' `57965' `LOG_STANDARDOUT' `No' `WORKBENCH_LOG_SERVER' `57855'
2023-12-10 17:49:02|   0.0|  0.0|INFORM|FME Configuration: Connection Storage: 'C:\Users\Adam\AppData\Roaming\Safe Software\FME\'
2023-12-10 17:49:02|   0.0|  0.0|INFORM|Shared folders for formats are : D:\FME\datasources;C:\Users\Adam\Documents\FME\Formats
2023-12-10 17:49:02|   0.0|  0.0|INFORM|Shared folders for transformers are : C:\Users\Adam\AppData\Roaming\Safe Software\FME\Packages\23641-win64\transformers;D:\FME\transformers;C:\Users\Adam\AppData\Roaming\Safe Software\FME\FME Store\Transformers
2023-12-10 17:49:02|   0.0|  0.0|INFORM|Shared folders for coordinate systems are : C:\Users\Adam\Documents\FME\CoordinateSystems
2023-12-10 17:49:02|   0.0|  0.0|INFORM|Shared folders for coordinate system exceptions are : C:\Users\Adam\Documents\FME\CoordinateSystemExceptions
2023-12-10 17:49:02|   0.0|  0.0|INFORM|Shared folders for coordinate system grid overrides are : C:\Users\Adam\Documents\FME\CoordinateSystemGridOverrides
2023-12-10 17:49:02|   0.0|  0.0|INFORM|Shared folders for CS-MAP transformation exceptions are : C:\Users\Adam\Documents\FME\CsmapTransformationExceptions
2023-12-10 17:49:02|   0.0|  0.0|INFORM|Shared folders for transformer categories are : C:\Users\Adam\Documents\FME\TransformerCategories
2023-12-10 17:49:02|   0.0|  0.0|INFORM|FME Configuration: Reader Keyword is `MULTI_READER'
2023-12-10 17:49:02|   0.0|  0.0|INFORM|FME Configuration: Writer Keyword is `PRIMARY_DEST'
2023-12-10 17:49:02|   0.0|  0.0|INFORM|FME Configuration: Writer Group Definition Keyword is `PRIMARY_DEST_DEF'
2023-12-10 17:49:02|   0.0|  0.0|INFORM|FME Configuration: Reader type is `MULTI_READER'
2023-12-10 17:49:02|   0.0|  0.0|INFORM|FME Configuration: Writer type is `MULTI_WRITER'
2023-12-10 17:49:02|   0.0|  0.0|INFORM|FME Configuration: No destination coordinate system set
2023-12-10 17:49:02|   0.0|  0.0|INFORM|FME Configuration: Current working folder is `C:\Users\Adam\Desktop\bdp\fme'
2023-12-10 17:49:02|   0.0|  0.0|INFORM|FME Configuration: Temporary folder is `C:\Users\Adam\AppData\Local\Temp\wbrun_1702226369738_18364\fmetmp_4', set from environment variable `FME_TEMP'
2023-12-10 17:49:02|   0.0|  0.0|INFORM|FME Configuration: Cache folder is 'C:\Users\Adam\AppData\Local\Temp'
2023-12-10 17:49:02|   0.0|  0.0|INFORM|FME Configuration: FME_HOME is `D:\FME\'
2023-12-10 17:49:02|   0.0|  0.0|INFORM|FME Configuration: Start freeing memory when the process exceeds 47.06 GB
2023-12-10 17:49:02|   0.0|  0.0|INFORM|FME Configuration: Stop freeing memory when the process is below 35.30 GB
2023-12-10 17:49:02|   0.0|  0.0|INFORM|Creating writer for format: 
2023-12-10 17:49:02|   0.0|  0.0|INFORM|Creating reader for format: 
2023-12-10 17:49:02|   0.0|  0.0|INFORM|MULTI_READER(MULTI_READER): Will fail with first member reader failure
2023-12-10 17:49:02|   0.0|  0.0|INFORM|Using Multi Reader with keyword `MULTI_READER' to read multiple datasets
2023-12-10 17:49:02|   0.0|  0.0|INFORM|Using MultiWriter with keyword `PRIMARY_DEST' to output data (ID_ATTRIBUTE is `multi_writer_id')
2023-12-10 17:49:02|   0.0|  0.0|INFORM|Writer output will be ordered by value of multi_writer_id
2023-12-10 17:49:02|   0.0|  0.0|INFORM|Loaded module 'LogCount_func' from file 'D:\FME\plugins/LogCount_func.dll'
2023-12-10 17:49:02|   0.0|  0.0|INFORM|FME API version of module 'LogCount_func' matches current internal version (4.0 20230426)
2023-12-10 17:49:02|   0.0|  0.0|INFORM|Emptying factory pipeline
2023-12-10 17:49:02|   0.0|  0.0|STATS |Router and Unexpected Input Remover (RoutingFactory): Tested 0 input feature(s), wrote 0 output feature(s): 0 matched merge filters, 0 were routed to output, 0 could not be routed.
2023-12-10 17:49:02|   0.0|  0.0|STATS |Unwanted Router Input Nuker (TeeFactory): Cloned 0 input feature(s) into 0 output feature(s)
2023-12-10 17:49:02|   0.0|  0.0|STATS |public.Extents_POSTGIS_1 Splitter (TeeFactory): Cloned 0 input feature(s) into 0 output feature(s)
2023-12-10 17:49:02|   0.0|  0.0|STATS |AdministrativeBoundary_INSPIRE_1 Splitter (TeeFactory): Cloned 0 input feature(s) into 0 output feature(s)
2023-12-10 17:49:02|   0.0|  0.0|STATS |Restoring 8 feature(s) from FME feature store file `C:\Users\Adam\AppData\Local\Temp\wb-cache-inspire2none-cutXrS\Main_Clipper -1 19 fo 0 INSIDE  0  4b5afb2a1869489c5da755718378ef3df78a9f66.ffs'
2023-12-10 17:49:03|   0.1|  0.1|INFORM|FME Configuration: Using connection values from 'zadanie__3' for POSTGIS_2
2023-12-10 17:49:03|   0.1|  0.0|INFORM|Creating writer for format: PostGIS
2023-12-10 17:49:03|   0.1|  0.0|INFORM|Trying to find a DYNAMIC plugin for writer named `POSTGIS'
2023-12-10 17:49:03|   0.1|  0.0|INFORM|Loaded module 'POSTGIS' from file 'D:\FME\plugins/POSTGIS.dll'
2023-12-10 17:49:03|   0.1|  0.0|INFORM|FME API version of module 'POSTGIS' matches current internal version (4.0 20230426)
2023-12-10 17:49:03|   0.1|  0.0|INFORM|FME Configuration: No destination coordinate system set
2023-12-10 17:49:03|   0.1|  0.0|INFORM|Writer `POSTGIS_2' of type `POSTGIS' using group definition keyword `POSTGIS_2_DEF'
2023-12-10 17:49:03|   0.2|  0.1|INFORM|Opening POSTGIS writer for dataset 'cw9'...
2023-12-10 17:49:03|   0.2|  0.0|INFORM|PostGIS client encoding: 'UTF8'
2023-12-10 17:49:03|   0.2|  0.0|INFORM|PostgreSQL 16.0, compiled by Visual C++ build 1935, 64-bit
2023-12-10 17:49:03|   0.2|  0.0|INFORM|3.4 USE_GEOS=1 USE_PROJ=1 USE_STATS=1
2023-12-10 17:49:03|   0.3|  0.1|INFORM|Testing for the existence of table 'public.Exports'...
2023-12-10 17:49:03|   0.3|  0.0|INFORM|Dropping existing table 'public.Exports'...
2023-12-10 17:49:03|   0.3|  0.0|INFORM|Creating table 'public.Exports'...
2023-12-10 17:49:03|   0.3|  0.0|INFORM|POSTGIS Writer: Creating 'unquoted WKB' geometry processor for feature type 'public.Exports'
2023-12-10 17:49:03|   0.3|  0.0|INFORM|POSTGIS Writer: Creating 'streaming Bulk Copy' feature type processor for feature type 'public.Exports'
2023-12-10 17:49:04|   0.5|  0.2|STATS |Destination Feature Type Routing Correlator (RoutingFactory): Tested 8 input feature(s), wrote 8 output feature(s): 0 matched merge filters, 8 were routed to output, 0 could not be routed.
2023-12-10 17:49:04|   0.5|  0.0|STATS |Final Output Nuker (TeeFactory): Cloned 0 input feature(s) into 0 output feature(s)
2023-12-10 17:49:04|   0.5|  0.0|INFORM|Creating 'GIST' index on column "geom" of table 'public.Exports'...
2023-12-10 17:49:04|   0.5|  0.0|INFORM|Successfully closed POSTGIS database writer
2023-12-10 17:49:04|   0.5|  0.0|INFORM|=-=-=-=-=-=-=-=-=-=-=-=-=-=-=-=-=-=-=-=-=-=-=-=-=-=-=-=-=-=-=-=-=-=-=-=-=-=-=-
2023-12-10 17:49:04|   0.5|  0.0|INFORM|Feature output statistics for `POSTGIS' writer using keyword `POSTGIS_2':
2023-12-10 17:49:04|   0.5|  0.0|STATS |=-=-=-=-=-=-=-=-=-=-=-=-=-=-=-=-=-=-=-=-=-=-=-=-=-=-=-=-=-=-=-=-=-=-=-=-=-=-=-
2023-12-10 17:49:04|   0.5|  0.0|STATS |                               Features Written
2023-12-10 17:49:04|   0.5|  0.0|STATS |=-=-=-=-=-=-=-=-=-=-=-=-=-=-=-=-=-=-=-=-=-=-=-=-=-=-=-=-=-=-=-=-=-=-=-=-=-=-=-
2023-12-10 17:49:04|   0.5|  0.0|STATS |public.Exports                                                               8
2023-12-10 17:49:04|   0.5|  0.0|STATS |==============================================================================
2023-12-10 17:49:04|   0.5|  0.0|STATS |Total Features Written                                                       8
2023-12-10 17:49:04|   0.5|  0.0|STATS |=-=-=-=-=-=-=-=-=-=-=-=-=-=-=-=-=-=-=-=-=-=-=-=-=-=-=-=-=-=-=-=-=-=-=-=-=-=-=-
2023-12-10 17:49:04|   0.5|  0.0|STATS |=-=-=-=-=-=-=-=-=-=-=-=-=-=-=-=-=-=-=-=-=-=-=-=-=-=-=-=-=-=-=-=-=-=-=-=-=-=-=-
2023-12-10 17:49:04|   0.5|  0.0|STATS |                            Features Read Summary
2023-12-10 17:49:04|   0.5|  0.0|STATS |=-=-=-=-=-=-=-=-=-=-=-=-=-=-=-=-=-=-=-=-=-=-=-=-=-=-=-=-=-=-=-=-=-=-=-=-=-=-=-
2023-12-10 17:49:04|   0.5|  0.0|STATS |==============================================================================
2023-12-10 17:49:04|   0.5|  0.0|STATS |Total Features Read                                                          0
2023-12-10 17:49:04|   0.5|  0.0|STATS |=-=-=-=-=-=-=-=-=-=-=-=-=-=-=-=-=-=-=-=-=-=-=-=-=-=-=-=-=-=-=-=-=-=-=-=-=-=-=-
2023-12-10 17:49:04|   0.5|  0.0|STATS |=-=-=-=-=-=-=-=-=-=-=-=-=-=-=-=-=-=-=-=-=-=-=-=-=-=-=-=-=-=-=-=-=-=-=-=-=-=-=-
2023-12-10 17:49:04|   0.5|  0.0|STATS |                           Features Written Summary
2023-12-10 17:49:04|   0.5|  0.0|STATS |=-=-=-=-=-=-=-=-=-=-=-=-=-=-=-=-=-=-=-=-=-=-=-=-=-=-=-=-=-=-=-=-=-=-=-=-=-=-=-
2023-12-10 17:49:04|   0.5|  0.0|STATS |public.Exports                                                               8
2023-12-10 17:49:04|   0.5|  0.0|STATS |==============================================================================
2023-12-10 17:49:04|   0.5|  0.0|STATS |Total Features Written                                                       8
2023-12-10 17:49:04|   0.5|  0.0|STATS |=-=-=-=-=-=-=-=-=-=-=-=-=-=-=-=-=-=-=-=-=-=-=-=-=-=-=-=-=-=-=-=-=-=-=-=-=-=-=-
2023-12-10 17:49:04|   0.5|  0.0|WARN  |-~-~-~-~-~-~-~-~-~-~-~-~-~-~-~-~-~-~-~-~-~-~-~-~-~-~-~-~-~-~-~-~-~-~-~-~-~-~-~-~-
2023-12-10 17:49:04|   0.5|  0.0|WARN  |-~                                                                             ~-
2023-12-10 17:49:04|   0.5|  0.0|WARN  |-~    Feature caches have been recorded at every stage of the translation.     ~-
2023-12-10 17:49:04|   0.5|  0.0|WARN  |-~                      To inspect the recorded features,                      ~-
2023-12-10 17:49:04|   0.5|  0.0|WARN  |-~              click the feature cache icons next to the ports.               ~-
2023-12-10 17:49:04|   0.5|  0.0|WARN  |-~                                                                             ~-
2023-12-10 17:49:04|   0.5|  0.0|WARN  |-~-~-~-~-~-~-~-~-~-~-~-~-~-~-~-~-~-~-~-~-~-~-~-~-~-~-~-~-~-~-~-~-~-~-~-~-~-~-~-~-
2023-12-10 17:49:04|   0.6|  0.1|INFORM|Translation was SUCCESSFUL with 7 warning(s) (8 feature(s) output)
2023-12-10 17:49:04|   0.6|  0.0|INFORM|FME Session Duration: 1.6 seconds. (CPU: 0.4s user, 0.2s system)
2023-12-10 17:49:04|   0.6|  0.0|INFORM|END - ProcessID: 5124, peak process memory usage: 132600 kB, current process memory usage: 94840 kB
